Loading libxml2/2.10.3-zbbe7lm
  Loading requirement: xz/5.4.6-xxxg42c zlib-ng/2.1.6-jkgunjc
Loading libiconv/1.17-d7yvx2s
  ERROR: Module cannot be loaded due to a conflict.
    HINT: Might try "module unload libiconv" first.

Loading gettext/0.22.3-2g7elif
  ERROR: Load of requirement libiconv/1.17-d7yvx2s failed
Loading libiconv/1.17-d7yvx2s
  ERROR: Module cannot be loaded due to a conflict.
    HINT: Might try "module unload libiconv" first.

Loading gettext/0.22.3-2g7elif
  ERROR: Requirement libiconv/1.17-d7yvx2s is not loaded

Loading python/3.11.6--gcc--8.5.0
  ERROR: Load of requirement libiconv/1.17-d7yvx2s failed
  ERROR: Load of requirement gettext/0.22.3-2g7elif failed
Loading openmpi/4.1.6--gcc--12.2.0
  Loading requirement: gcc/12.2.0
Loading checkpoint shards:   0%|          | 0/3 [00:00<?, ?it/s]Loading checkpoint shards:  33%|███▎      | 1/3 [00:41<01:22, 41.43s/it]Loading checkpoint shards:  67%|██████▋   | 2/3 [01:22<00:40, 40.98s/it]Loading checkpoint shards: 100%|██████████| 3/3 [02:03<00:00, 40.99s/it]Loading checkpoint shards: 100%|██████████| 3/3 [02:03<00:00, 41.04s/it]
Loading checkpoint shards:   0%|          | 0/3 [00:00<?, ?it/s]Loading checkpoint shards:  33%|███▎      | 1/3 [00:01<00:03,  1.65s/it]Loading checkpoint shards:  67%|██████▋   | 2/3 [00:03<00:01,  1.62s/it]Loading checkpoint shards: 100%|██████████| 3/3 [00:04<00:00,  1.60s/it]Loading checkpoint shards: 100%|██████████| 3/3 [00:04<00:00,  1.61s/it]
The following generation flags are not valid and may be ignored: ['temperature']. Set `TRANSFORMERS_VERBOSITY=info` for more details.
This is a friendly reminder - the current text generation call will exceed the model's predefined maximum length (4096). Depending on the model, you may observe exceptions, performance degradation, or nothing at all.
The following generation flags are not valid and may be ignored: ['temperature']. Set `TRANSFORMERS_VERBOSITY=info` for more details.
Loading checkpoint shards:   0%|          | 0/4 [00:00<?, ?it/s]Loading checkpoint shards:  25%|██▌       | 1/4 [00:43<02:09, 43.06s/it]Loading checkpoint shards:  50%|█████     | 2/4 [01:23<01:23, 41.50s/it]Loading checkpoint shards:  75%|███████▌  | 3/4 [01:57<00:38, 38.14s/it]Loading checkpoint shards: 100%|██████████| 4/4 [02:07<00:00, 26.79s/it]Loading checkpoint shards: 100%|██████████| 4/4 [02:07<00:00, 31.75s/it]
The following generation flags are not valid and may be ignored: ['temperature', 'top_p', 'top_k']. Set `TRANSFORMERS_VERBOSITY=info` for more details.
The following generation flags are not valid and may be ignored: ['temperature', 'top_p', 'top_k']. Set `TRANSFORMERS_VERBOSITY=info` for more details.
